{"state":{"passed":15,"failed":2,"skipped":0},"start":"2018-10-13T13:41:36.885Z","end":"2018-10-13T13:41:58.781Z","capabilities":{"maxInstances":1,"browserName":"chrome"},"host":"127.0.0.1","port":4444,"baseUrl":"http://www.kevinlamping.com/webdriverio-course-content/","framework":"Cucumber","mochaOpts":{"timeout":10000},"suites":[{"name":"Home Page Checks","duration":2742,"start":"2018-10-13T13:41:45.456Z","end":"2018-10-13T13:41:48.198Z","tests":[],"hooks":[]},{"name":"Check the product button functionality","duration":1435,"start":"2018-10-13T13:41:45.565Z","end":"2018-10-13T13:41:47.000Z","tests":[{"name":"I navigate to the site","start":"2018-10-13T13:41:45.566Z","duration":13239,"state":"pass"},{"name":"I click on the \"product\" button","start":"2018-10-13T13:41:46.410Z","duration":12395,"state":"pass"},{"name":"I should be seeing the review label","start":"2018-10-13T13:41:46.932Z","duration":11873,"state":"fail","error":"Visible is true..!: expected true to equal false","standardError":"AssertionError: Visible is true..!: expected true to equal false\n    at World.<anonymous> (C:\\Personal\\Work\\Javascript\\webdriverio-cucumber\\test\\steps\\homePage.step.js:33:24)\n    at C:\\Personal\\Work\\Javascript\\webdriverio-cucumber\\node_modules\\wdio-sync\\build\\index.js:590:26\n    at new Promise (<anonymous>)\n    at new F (C:\\Personal\\Work\\Javascript\\webdriverio-cucumber\\node_modules\\core-js\\library\\modules\\_export.js:36:28)\n    at World.executeSync (C:\\Personal\\Work\\Javascript\\webdriverio-cucumber\\node_modules\\wdio-sync\\build\\index.js:588:12)\n    at C:\\Personal\\Work\\Javascript\\webdriverio-cucumber\\node_modules\\wdio-sync\\build\\index.js:210:29"}],"hooks":[]},{"name":"Check the Buy button functionality","duration":1174,"start":"2018-10-13T13:41:47.016Z","end":"2018-10-13T13:41:48.190Z","tests":[{"name":"I navigate to the site","start":"2018-10-13T13:41:47.016Z","duration":11789,"state":"pass"},{"name":"I click on the \"buy\" button","start":"2018-10-13T13:41:47.369Z","duration":11436,"state":"pass"},{"name":"I should be seeing the \"Mom's_Old-Fashioned_Robot_Oil\" page","start":"2018-10-13T13:41:48.185Z","duration":10620,"state":"pass"}],"hooks":[]},{"name":"Reviews Checks","duration":5515,"start":"2018-10-13T13:41:53.112Z","end":"2018-10-13T13:41:58.627Z","tests":[],"hooks":[]},{"name":"Check the Email Address","duration":4631,"start":"2018-10-13T13:41:53.187Z","end":"2018-10-13T13:41:57.818Z","tests":[{"name":"I navigate to the site","start":"2018-10-13T13:41:53.189Z","duration":5616,"state":"pass"},{"name":"I click on the \"product\" button","start":"2018-10-13T13:41:54.015Z","duration":4790,"state":"pass"},{"name":"I set the email value \"test.com\"","start":"2018-10-13T13:41:54.418Z","duration":4387,"state":"pass"},{"name":"I set the following login credentials","start":"2018-10-13T13:41:54.616Z","duration":4189,"state":"pass"},{"name":"I click on review text box with user@phptravels.com and demouser","start":"2018-10-13T13:41:54.618Z","duration":4187,"state":"pass"},{"name":"I should see error message \"Please enter a valid email address.\" for email","start":"2018-10-13T13:41:54.741Z","duration":4064,"state":"fail","error":"Error Text is not Defined..!: expected 'Please enter a valid email address.' to equal 'Pleas enter a valid email address.'","standardError":"AssertionError: Error Text is not Defined..!: expected 'Please enter a valid email address.' to equal 'Pleas enter a valid email address.'\n    at World.Then (C:\\Personal\\Work\\Javascript\\webdriverio-cucumber\\test\\steps\\reviews.step.js:36:25)\n    at C:\\Personal\\Work\\Javascript\\webdriverio-cucumber\\node_modules\\wdio-sync\\build\\index.js:590:26\n    at new Promise (<anonymous>)\n    at new F (C:\\Personal\\Work\\Javascript\\webdriverio-cucumber\\node_modules\\core-js\\library\\modules\\_export.js:36:28)\n    at World.executeSync (C:\\Personal\\Work\\Javascript\\webdriverio-cucumber\\node_modules\\wdio-sync\\build\\index.js:588:12)\n    at C:\\Personal\\Work\\Javascript\\webdriverio-cucumber\\node_modules\\wdio-sync\\build\\index.js:210:29"}],"hooks":[]},{"name":"Check the Empty Review Text Error","duration":776,"start":"2018-10-13T13:41:57.835Z","end":"2018-10-13T13:41:58.611Z","tests":[{"name":"I navigate to the site","start":"2018-10-13T13:41:57.835Z","duration":970,"state":"pass"},{"name":"I click on the \"product\" button","start":"2018-10-13T13:41:58.139Z","duration":666,"state":"pass"},{"name":"I set the email value \"test@test.com\"","start":"2018-10-13T13:41:58.311Z","duration":494,"state":"pass"},{"name":"I click on review text box","start":"2018-10-13T13:41:58.441Z","duration":364,"state":"pass"},{"name":"I should see error message \"Please enter a valid email address.\" for review","start":"2018-10-13T13:41:58.518Z","duration":287,"state":"pass"}],"hooks":[]}]}