<?xml version='1.0'?>
<ns2:test-suite xmlns:ns2='urn:model.allure.qatools.yandex.ru' start='1539513517128' stop='1539513518434'>
    <name>Home Page Checks Check the product button functionality</name>
    <title>Home Page Checks Check the product button functionality</title>
    <test-cases>
        <test-case start='1539513517130' status='passed' stop='1539513517879'>
            <name>I navigate to the site</name>
            <title>I navigate to the site</title>
            <labels>
                <label name='feature' value='Home Page Checks'/>
                <label name='story' value='Check the product button functionality'/>
                <label name='language' value='javascript'/>
                <label name='framework' value='wdio'/>
                <label name='thread' value='0-0'/>
            </labels>
            <parameters>
                <parameter kind='argument' name='browser' value='chrome'/>
                <parameter kind='environment-variable' name='capabilities' value='{"maxInstances":1,"browserName":"chrome"}'/>
                <parameter kind='environment-variable' name='spec files' value='["C:\\Personal\\Work\\Javascript\\webdriverio-cucumber\\features\\HomePage.feature"]'/>
            </parameters>
            <steps>
                <step start='1539513517134' status='passed' stop='1539513517872'>
                    <name>POST /wd/hub/session/748bc666f9d9d7e2c37ac5ad0417e086/url</name>
                    <title>POST /wd/hub/session/748bc666f9d9d7e2c37ac5ad0417e086/url</title>
                    <attachments>
                        <attachment title='Request' source='d998619b-6861-47c2-89dd-5f3f00f6ad90-attachment.json' type='application/json' size='72'/>
                        <attachment title='Response' source='c9dcac6d-062f-4cc8-90ce-85748302504a-attachment.json' type='application/json' size='91'/>
                    </attachments>
                    <steps/>
                </step>
            </steps>
            <attachments/>
        </test-case>
        <test-case start='1539513517879' status='passed' stop='1539513518330'>
            <name>I click on the "product" button</name>
            <title>I click on the "product" button</title>
            <labels>
                <label name='feature' value='Home Page Checks'/>
                <label name='story' value='Check the product button functionality'/>
                <label name='language' value='javascript'/>
                <label name='framework' value='wdio'/>
                <label name='thread' value='0-0'/>
            </labels>
            <parameters>
                <parameter kind='argument' name='browser' value='chrome'/>
                <parameter kind='environment-variable' name='capabilities' value='{"maxInstances":1,"browserName":"chrome"}'/>
                <parameter kind='environment-variable' name='spec files' value='["C:\\Personal\\Work\\Javascript\\webdriverio-cucumber\\features\\HomePage.feature"]'/>
            </parameters>
            <steps>
                <step start='1539513517882' status='passed' stop='1539513517915'>
                    <name>POST /wd/hub/session/748bc666f9d9d7e2c37ac5ad0417e086/element</name>
                    <title>POST /wd/hub/session/748bc666f9d9d7e2c37ac5ad0417e086/element</title>
                    <attachments>
                        <attachment title='Request' source='a04aa6cc-84ff-4064-9e5f-922407097916-attachment.json' type='application/json' size='63'/>
                        <attachment title='Response' source='d5db4bb9-2df1-47e3-923c-d40dbf173ead-attachment.json' type='application/json' size='136'/>
                    </attachments>
                    <steps/>
                </step>
                <step start='1539513517916' status='passed' stop='1539513518324'>
                    <name>POST /wd/hub/session/748bc666f9d9d7e2c37ac5ad0417e086/element/0.8617326725341559-1/click</name>
                    <title>POST /wd/hub/session/748bc666f9d9d7e2c37ac5ad0417e086/element/0.8617326725341559-1/click</title>
                    <attachments>
                        <attachment title='Response' source='68c4e84b-9ad6-4a0f-b0cb-7a22a667955a-attachment.json' type='application/json' size='91'/>
                    </attachments>
                    <steps/>
                </step>
            </steps>
            <attachments/>
        </test-case>
        <test-case start='1539513518330' status='failed' stop='1539513518434'>
            <name>I should be seeing the review label</name>
            <title>I should be seeing the review label</title>
            <labels>
                <label name='feature' value='Home Page Checks'/>
                <label name='story' value='Check the product button functionality'/>
                <label name='language' value='javascript'/>
                <label name='framework' value='wdio'/>
                <label name='thread' value='0-0'/>
            </labels>
            <parameters>
                <parameter kind='argument' name='browser' value='chrome'/>
                <parameter kind='environment-variable' name='capabilities' value='{"maxInstances":1,"browserName":"chrome"}'/>
                <parameter kind='environment-variable' name='spec files' value='["C:\\Personal\\Work\\Javascript\\webdriverio-cucumber\\features\\HomePage.feature"]'/>
            </parameters>
            <steps>
                <step start='1539513518334' status='passed' stop='1539513518366'>
                    <name>POST /wd/hub/session/748bc666f9d9d7e2c37ac5ad0417e086/elements</name>
                    <title>POST /wd/hub/session/748bc666f9d9d7e2c37ac5ad0417e086/elements</title>
                    <attachments>
                        <attachment title='Request' source='d77417fb-78c6-4dff-9753-bbceaff56daa-attachment.json' type='application/json' size='66'/>
                        <attachment title='Response' source='e0fe0c2a-3b04-4d74-8efb-5a0aabf57d1f-attachment.json' type='application/json' size='161'/>
                    </attachments>
                    <steps/>
                </step>
                <step start='1539513518370' status='passed' stop='1539513518390'>
                    <name>POST /wd/hub/session/748bc666f9d9d7e2c37ac5ad0417e086/elements</name>
                    <title>POST /wd/hub/session/748bc666f9d9d7e2c37ac5ad0417e086/elements</title>
                    <attachments>
                        <attachment title='Request' source='30df1e7b-ae49-4d54-9941-d942056681c8-attachment.json' type='application/json' size='66'/>
                        <attachment title='Response' source='61f1ea7a-f891-4aaf-ad2d-d752a8c9bb24-attachment.json' type='application/json' size='161'/>
                    </attachments>
                    <steps/>
                </step>
                <step start='1539513518390' status='passed' stop='1539513518417'>
                    <name>GET /wd/hub/session/748bc666f9d9d7e2c37ac5ad0417e086/element/0.26506209620620513-1/displayed</name>
                    <title>GET /wd/hub/session/748bc666f9d9d7e2c37ac5ad0417e086/element/0.26506209620620513-1/displayed</title>
                    <attachments>
                        <attachment title='Response' source='56a0ac5b-ed17-44c8-a79e-96d96b1c9499-attachment.json' type='application/json' size='91'/>
                    </attachments>
                    <steps/>
                </step>
            </steps>
            <attachments/>
            <failure>
                <message>Visible is true..!: expected true to equal false</message>
                <stack-trace>AssertionError: Visible is true..!: expected true to equal false
                    at World.&lt;anonymous> (C:\Personal\Work\Javascript\webdriverio-cucumber\test\steps\homePage.step.js:33:24)
                    at C:\Personal\Work\Javascript\webdriverio-cucumber\node_modules\wdio-sync\build\index.js:590:26
                    at new Promise (&lt;anonymous>)
                    at new F (C:\Personal\Work\Javascript\webdriverio-cucumber\node_modules\core-js\library\modules\_export.js:36:28)
                    at World.executeSync (C:\Personal\Work\Javascript\webdriverio-cucumber\node_modules\wdio-sync\build\index.js:588:12)
                    at C:\Personal\Work\Javascript\webdriverio-cucumber\node_modules\wdio-sync\build\index.js:210:29</stack-trace>
            </failure>
        </test-case>
    </test-cases>
</ns2:test-suite>