<?xml version='1.0'?>
<ns2:test-suite xmlns:ns2='urn:model.allure.qatools.yandex.ru' start='1539514317382' stop='1539514318941'>
    <name>Home Page Checks Check the product button functionality</name>
    <title>Home Page Checks Check the product button functionality</title>
    <test-cases>
        <test-case start='1539514317384' status='passed' stop='1539514318349'>
            <name>I navigate to the site</name>
            <title>I navigate to the site</title>
            <labels>
                <label name='feature' value='Home Page Checks'/>
                <label name='story' value='Check the product button functionality'/>
                <label name='language' value='javascript'/>
                <label name='framework' value='wdio'/>
                <label name='thread' value='0-0'/>
            </labels>
            <parameters>
                <parameter kind='argument' name='browser' value='chrome'/>
                <parameter kind='environment-variable' name='capabilities' value='{"maxInstances":1,"browserName":"chrome"}'/>
                <parameter kind='environment-variable' name='spec files' value='["C:\\Personal\\Work\\Javascript\\webdriverio-cucumber\\features\\HomePage.feature"]'/>
            </parameters>
            <steps>
                <step start='1539514317389' status='passed' stop='1539514318341'>
                    <name>POST /wd/hub/session/43f4256f561b0bc7c4a4b25b68d0cefe/url</name>
                    <title>POST /wd/hub/session/43f4256f561b0bc7c4a4b25b68d0cefe/url</title>
                    <attachments>
                        <attachment title='Request' source='b7727963-7ad9-4f27-8a6d-c3eab0b5e6f6-attachment.json' type='application/json' size='72'/>
                        <attachment title='Response' source='4aa9fc86-903e-4354-843f-8d8aed5f8fad-attachment.json' type='application/json' size='91'/>
                    </attachments>
                    <steps/>
                </step>
            </steps>
            <attachments/>
        </test-case>
        <test-case start='1539514318349' status='passed' stop='1539514318853'>
            <name>I click on the "product" button</name>
            <title>I click on the "product" button</title>
            <labels>
                <label name='feature' value='Home Page Checks'/>
                <label name='story' value='Check the product button functionality'/>
                <label name='language' value='javascript'/>
                <label name='framework' value='wdio'/>
                <label name='thread' value='0-0'/>
            </labels>
            <parameters>
                <parameter kind='argument' name='browser' value='chrome'/>
                <parameter kind='environment-variable' name='capabilities' value='{"maxInstances":1,"browserName":"chrome"}'/>
                <parameter kind='environment-variable' name='spec files' value='["C:\\Personal\\Work\\Javascript\\webdriverio-cucumber\\features\\HomePage.feature"]'/>
            </parameters>
            <steps>
                <step start='1539514318352' status='passed' stop='1539514318383'>
                    <name>POST /wd/hub/session/43f4256f561b0bc7c4a4b25b68d0cefe/element</name>
                    <title>POST /wd/hub/session/43f4256f561b0bc7c4a4b25b68d0cefe/element</title>
                    <attachments>
                        <attachment title='Request' source='610f50b5-9773-4af9-bd22-1ad2c60bbb86-attachment.json' type='application/json' size='63'/>
                        <attachment title='Response' source='9a2373c0-e54d-4d15-a0ee-974458fc8c70-attachment.json' type='application/json' size='135'/>
                    </attachments>
                    <steps/>
                </step>
                <step start='1539514318386' status='passed' stop='1539514318845'>
                    <name>POST /wd/hub/session/43f4256f561b0bc7c4a4b25b68d0cefe/element/0.218411356287604-1/click</name>
                    <title>POST /wd/hub/session/43f4256f561b0bc7c4a4b25b68d0cefe/element/0.218411356287604-1/click</title>
                    <attachments>
                        <attachment title='Response' source='50cef10f-808b-4fb8-8ba7-82b559454651-attachment.json' type='application/json' size='91'/>
                    </attachments>
                    <steps/>
                </step>
            </steps>
            <attachments/>
        </test-case>
        <test-case start='1539514318853' status='failed' stop='1539514318940'>
            <name>I should be seeing the review label</name>
            <title>I should be seeing the review label</title>
            <labels>
                <label name='feature' value='Home Page Checks'/>
                <label name='story' value='Check the product button functionality'/>
                <label name='language' value='javascript'/>
                <label name='framework' value='wdio'/>
                <label name='thread' value='0-0'/>
            </labels>
            <parameters>
                <parameter kind='argument' name='browser' value='chrome'/>
                <parameter kind='environment-variable' name='capabilities' value='{"maxInstances":1,"browserName":"chrome"}'/>
                <parameter kind='environment-variable' name='spec files' value='["C:\\Personal\\Work\\Javascript\\webdriverio-cucumber\\features\\HomePage.feature"]'/>
            </parameters>
            <steps>
                <step start='1539514318859' status='passed' stop='1539514318888'>
                    <name>POST /wd/hub/session/43f4256f561b0bc7c4a4b25b68d0cefe/elements</name>
                    <title>POST /wd/hub/session/43f4256f561b0bc7c4a4b25b68d0cefe/elements</title>
                    <attachments>
                        <attachment title='Request' source='77bd2a2a-91d9-49d3-8983-bee7d731afd7-attachment.json' type='application/json' size='66'/>
                        <attachment title='Response' source='4d9bb4eb-d7d3-49b9-8910-2b286a9ff33e-attachment.json' type='application/json' size='160'/>
                    </attachments>
                    <steps/>
                </step>
                <step start='1539514318889' status='passed' stop='1539514318905'>
                    <name>POST /wd/hub/session/43f4256f561b0bc7c4a4b25b68d0cefe/elements</name>
                    <title>POST /wd/hub/session/43f4256f561b0bc7c4a4b25b68d0cefe/elements</title>
                    <attachments>
                        <attachment title='Request' source='87213a59-bfb7-41cd-9f4b-6730605e9ba5-attachment.json' type='application/json' size='66'/>
                        <attachment title='Response' source='5c18010a-14fe-4383-b8bc-9bb7e127fdae-attachment.json' type='application/json' size='160'/>
                    </attachments>
                    <steps/>
                </step>
                <step start='1539514318906' status='passed' stop='1539514318927'>
                    <name>GET /wd/hub/session/43f4256f561b0bc7c4a4b25b68d0cefe/element/0.2849140344098735-1/displayed</name>
                    <title>GET /wd/hub/session/43f4256f561b0bc7c4a4b25b68d0cefe/element/0.2849140344098735-1/displayed</title>
                    <attachments>
                        <attachment title='Response' source='c8a2f852-426b-4634-a97d-0b5bb57ebb75-attachment.json' type='application/json' size='91'/>
                    </attachments>
                    <steps/>
                </step>
            </steps>
            <attachments/>
            <failure>
                <message>Visible is true..!: expected true to equal false</message>
                <stack-trace>AssertionError: Visible is true..!: expected true to equal false
                    at World.&lt;anonymous> (C:\Personal\Work\Javascript\webdriverio-cucumber\test\steps\homePage.step.js:33:24)
                    at C:\Personal\Work\Javascript\webdriverio-cucumber\node_modules\wdio-sync\build\index.js:590:26
                    at new Promise (&lt;anonymous>)
                    at new F (C:\Personal\Work\Javascript\webdriverio-cucumber\node_modules\core-js\library\modules\_export.js:36:28)
                    at World.executeSync (C:\Personal\Work\Javascript\webdriverio-cucumber\node_modules\wdio-sync\build\index.js:588:12)
                    at C:\Personal\Work\Javascript\webdriverio-cucumber\node_modules\wdio-sync\build\index.js:210:29</stack-trace>
            </failure>
        </test-case>
    </test-cases>
</ns2:test-suite>